# JRE version: Java(TM) SE Runtime Environment (8.0_202-b08) (build 1.8.0_202-b08)
# Java VM: Java HotSpot(TM) 64-Bit Server VM (25.202-b08 mixed mode bsd-amd64 compressed oops)
Heap:
 PSYoungGen      total 143872K, used 84588K [0x0000000795580000, 0x00000007a3a80000, 0x00000007c0000000)
  eden space 129024K, 59% used [0x0000000795580000,0x000000079a0e6828,0x000000079d380000)
  from space 14848K, 49% used [0x000000079d380000,0x000000079dab4b78,0x000000079e200000)
  to   space 14336K, 0% used [0x00000007a2c80000,0x00000007a2c80000,0x00000007a3a80000)
 ParOldGen       total 102400K, used 13465K [0x0000000740000000, 0x0000000746400000, 0x0000000795580000)
  object space 102400K, 13% used [0x0000000740000000,0x0000000740d26538,0x0000000746400000)
 Metaspace       used 32038K, capacity 33012K, committed 33280K, reserved 1079296K
  class space    used 3855K, capacity 4077K, committed 4096K, reserved 1048576K
GC Heap History (10 events):
Event: 3.890 GC heap before
{Heap before GC invocations=4 (full 0):
 PSYoungGen      total 76288K, used 73899K [0x0000000795580000, 0x000000079aa80000, 0x00000007c0000000)
  eden space 65536K, 100% used [0x0000000795580000,0x0000000799580000,0x0000000799580000)
  from space 10752K, 77% used [0x0000000799580000,0x0000000799daaf68,0x000000079a000000)
  to   space 10752K, 0% used [0x000000079a000000,0x000000079a000000,0x000000079aa80000)
 ParOldGen       total 175104K, used 24K [0x0000000740000000, 0x000000074ab00000, 0x0000000795580000)
  object space 175104K, 0% used [0x0000000740000000,0x0000000740006000,0x000000074ab00000)
 Metaspace       used 20038K, capacity 20328K, committed 20608K, reserved 1067008K
  class space    used 2251K, capacity 2363K, committed 2432K, reserved 1048576K
Event: 3.910 GC heap after
Heap after GC invocations=4 (full 0):
 PSYoungGen      total 76288K, used 10541K [0x0000000795580000, 0x000000079ea80000, 0x00000007c0000000)
  eden space 65536K, 0% used [0x0000000795580000,0x0000000795580000,0x0000000799580000)
  from space 10752K, 98% used [0x000000079a000000,0x000000079aa4b6e0,0x000000079aa80000)
  to   space 10752K, 0% used [0x0000000799580000,0x0000000799580000,0x000000079a000000)
 ParOldGen       total 175104K, used 96K [0x0000000740000000, 0x000000074ab00000, 0x0000000795580000)
  object space 175104K, 0% used [0x0000000740000000,0x0000000740018010,0x000000074ab00000)
 Metaspace       used 20038K, capacity 20328K, committed 20608K, reserved 1067008K
  class space    used 2251K, capacity 2363K, committed 2432K, reserved 1048576K
}
Event: 4.212 GC heap before
{Heap before GC invocations=5 (full 0):
 PSYoungGen      total 76288K, used 76077K [0x0000000795580000, 0x000000079ea80000, 0x00000007c0000000)
  eden space 65536K, 100% used [0x0000000795580000,0x0000000799580000,0x0000000799580000)
  from space 10752K, 98% used [0x000000079a000000,0x000000079aa4b6e0,0x000000079aa80000)
  to   space 10752K, 0% used [0x0000000799580000,0x0000000799580000,0x000000079a000000)
 ParOldGen       total 175104K, used 96K [0x0000000740000000, 0x000000074ab00000, 0x0000000795580000)
  object space 175104K, 0% used [0x0000000740000000,0x0000000740018010,0x000000074ab00000)
 Metaspace       used 20522K, capacity 20780K, committed 21120K, reserved 1069056K
  class space    used 2294K, capacity 2383K, committed 2432K, reserved 1048576K
Event: 4.219 GC heap after
Heap after GC invocations=5 (full 0):
 PSYoungGen      total 76288K, used 10042K [0x0000000795580000, 0x000000079ee80000, 0x00000007c0000000)
  eden space 65536K, 0% used [0x0000000795580000,0x0000000795580000,0x0000000799580000)
  from space 10752K, 93% used [0x0000000799580000,0x0000000799f4e808,0x000000079a000000)
  to   space 12800K, 0% used [0x000000079e200000,0x000000079e200000,0x000000079ee80000)
 ParOldGen       total 175104K, used 104K [0x0000000740000000, 0x000000074ab00000, 0x0000000795580000)
  object space 175104K, 0% used [0x0000000740000000,0x000000074001a010,0x000000074ab00000)
 Metaspace       used 20522K, capacity 20780K, committed 21120K, reserved 1069056K
  class space    used 2294K, capacity 2383K, committed 2432K, reserved 1048576K
}
Event: 4.453 GC heap before
{Heap before GC invocations=6 (full 0):
 PSYoungGen      total 76288K, used 61975K [0x0000000795580000, 0x000000079ee80000, 0x00000007c0000000)
  eden space 65536K, 79% used [0x0000000795580000,0x0000000798837650,0x0000000799580000)
  from space 10752K, 93% used [0x0000000799580000,0x0000000799f4e808,0x000000079a000000)
  to   space 12800K, 0% used [0x000000079e200000,0x000000079e200000,0x000000079ee80000)
 ParOldGen       total 175104K, used 104K [0x0000000740000000, 0x000000074ab00000, 0x0000000795580000)
  object space 175104K, 0% used [0x0000000740000000,0x000000074001a010,0x000000074ab00000)
 Metaspace       used 20906K, capacity 21164K, committed 21296K, reserved 1069056K
  class space    used 2344K, capacity 2423K, committed 2432K, reserved 1048576K
Event: 4.468 GC heap after
Heap after GC invocations=6 (full 0):
 PSYoungGen      total 141824K, used 12777K [0x0000000795580000, 0x000000079f280000, 0x00000007c0000000)
  eden space 129024K, 0% used [0x0000000795580000,0x0000000795580000,0x000000079d380000)
  from space 12800K, 99% used [0x000000079e200000,0x000000079ee7a7b8,0x000000079ee80000)
  to   space 14848K, 0% used [0x000000079d380000,0x000000079d380000,0x000000079e200000)
 ParOldGen       total 175104K, used 831K [0x0000000740000000, 0x000000074ab00000, 0x0000000795580000)
  object space 175104K, 0% used [0x0000000740000000,0x00000007400cfd68,0x000000074ab00000)
 Metaspace       used 20906K, capacity 21164K, committed 21296K, reserved 1069056K
  class space    used 2344K, capacity 2423K, committed 2432K, reserved 1048576K
}
Event: 4.468 GC heap before
{Heap before GC invocations=7 (full 1):
 PSYoungGen      total 141824K, used 12777K [0x0000000795580000, 0x000000079f280000, 0x00000007c0000000)
  eden space 129024K, 0% used [0x0000000795580000,0x0000000795580000,0x000000079d380000)
  from space 12800K, 99% used [0x000000079e200000,0x000000079ee7a7b8,0x000000079ee80000)
  to   space 14848K, 0% used [0x000000079d380000,0x000000079d380000,0x000000079e200000)
 ParOldGen       total 175104K, used 831K [0x0000000740000000, 0x000000074ab00000, 0x0000000795580000)
  object space 175104K, 0% used [0x0000000740000000,0x00000007400cfd68,0x000000074ab00000)
 Metaspace       used 20906K, capacity 21164K, committed 21296K, reserved 1069056K
  class space    used 2344K, capacity 2423K, committed 2432K, reserved 1048576K
Event: 4.529 GC heap after
Heap after GC invocations=7 (full 1):
 PSYoungGen      total 141824K, used 0K [0x0000000795580000, 0x000000079f280000, 0x00000007c0000000)
  eden space 129024K, 0% used [0x0000000795580000,0x0000000795580000,0x000000079d380000)
  from space 12800K, 0% used [0x000000079e200000,0x000000079e200000,0x000000079ee80000)
  to   space 14848K, 0% used [0x000000079d380000,0x000000079d380000,0x000000079e200000)
 ParOldGen       total 102400K, used 13457K [0x0000000740000000, 0x0000000746400000, 0x0000000795580000)
  object space 102400K, 13% used [0x0000000740000000,0x0000000740d24538,0x0000000746400000)
 Metaspace       used 20906K, capacity 21164K, committed 21296K, reserved 1069056K
  class space    used 2344K, capacity 2423K, committed 2432K, reserved 1048576K
}
Event: 16.668 GC heap before
{Heap before GC invocations=8 (full 1):
 PSYoungGen      total 141824K, used 129024K [0x0000000795580000, 0x000000079f280000, 0x00000007c0000000)
  eden space 129024K, 100% used [0x0000000795580000,0x000000079d380000,0x000000079d380000)
  from space 12800K, 0% used [0x000000079e200000,0x000000079e200000,0x000000079ee80000)
  to   space 14848K, 0% used [0x000000079d380000,0x000000079d380000,0x000000079e200000)
 ParOldGen       total 102400K, used 13457K [0x0000000740000000, 0x0000000746400000, 0x0000000795580000)
  object space 102400K, 13% used [0x0000000740000000,0x0000000740d24538,0x0000000746400000)
 Metaspace       used 28722K, capacity 29584K, committed 29824K, reserved 1075200K
  class space    used 3497K, capacity 3711K, committed 3712K, reserved 1048576K
Event: 16.680 GC heap after
Heap after GC invocations=8 (full 1):
 PSYoungGen      total 143872K, used 7378K [0x0000000795580000, 0x00000007a3a80000, 0x00000007c0000000)
  eden space 129024K, 0% used [0x0000000795580000,0x0000000795580000,0x000000079d380000)
  from space 14848K, 49% used [0x000000079d380000,0x000000079dab4b78,0x000000079e200000)
  to   space 14336K, 0% used [0x00000007a2c80000,0x00000007a2c80000,0x00000007a3a80000)
 ParOldGen       total 102400K, used 13465K [0x0000000740000000, 0x0000000746400000, 0x0000000795580000)
  object space 102400K, 13% used [0x0000000740000000,0x0000000740d26538,0x0000000746400000)
 Metaspace       used 28722K, capacity 29584K, committed 29824K, reserved 1075200K
  class space    used 3497K, capacity 3711K, committed 3712K, reserved 1048576K
}

