# JRE version: Java(TM) SE Runtime Environment (8.0_202-b08) (build 1.8.0_202-b08)
# Java VM: Java HotSpot(TM) 64-Bit Server VM (25.202-b08 mixed mode bsd-amd64 compressed oops)
Heap:
 PSYoungGen      total 190464K, used 84739K [0x0000000795580000, 0x00000007a6b80000, 0x00000007c0000000)
  eden space 182784K, 42% used [0x0000000795580000,0x000000079a107688,0x00000007a0800000)
  from space 7680K, 96% used [0x00000007a6400000,0x00000007a6b395c0,0x00000007a6b80000)
  to   space 14336K, 0% used [0x00000007a4f80000,0x00000007a4f80000,0x00000007a5d80000)
 ParOldGen       total 117248K, used 13532K [0x0000000740000000, 0x0000000747280000, 0x0000000795580000)
  object space 117248K, 11% used [0x0000000740000000,0x0000000740d373a0,0x0000000747280000)
 Metaspace       used 32032K, capacity 33004K, committed 33280K, reserved 1079296K
  class space    used 3856K, capacity 4075K, committed 4096K, reserved 1048576K
GC Heap History (10 events):
Event: 1.930 GC heap before
{Heap before GC invocations=3 (full 0):
 PSYoungGen      total 76288K, used 70605K [0x0000000795580000, 0x000000079ea80000, 0x00000007c0000000)
  eden space 65536K, 100% used [0x0000000795580000,0x0000000799580000,0x0000000799580000)
  from space 10752K, 47% used [0x000000079a000000,0x000000079a4f36e0,0x000000079aa80000)
  to   space 10752K, 0% used [0x0000000799580000,0x0000000799580000,0x000000079a000000)
 ParOldGen       total 175104K, used 16K [0x0000000740000000, 0x000000074ab00000, 0x0000000795580000)
  object space 175104K, 0% used [0x0000000740000000,0x0000000740004000,0x000000074ab00000)
 Metaspace       used 16134K, capacity 16314K, committed 16512K, reserved 1064960K
  class space    used 1755K, capacity 1835K, committed 1920K, reserved 1048576K
Event: 1.937 GC heap after
Heap after GC invocations=3 (full 0):
 PSYoungGen      total 76288K, used 8390K [0x0000000795580000, 0x000000079ea80000, 0x00000007c0000000)
  eden space 65536K, 0% used [0x0000000795580000,0x0000000795580000,0x0000000799580000)
  from space 10752K, 78% used [0x0000000799580000,0x0000000799db1ba0,0x000000079a000000)
  to   space 10752K, 0% used [0x000000079e000000,0x000000079e000000,0x000000079ea80000)
 ParOldGen       total 175104K, used 24K [0x0000000740000000, 0x000000074ab00000, 0x0000000795580000)
  object space 175104K, 0% used [0x0000000740000000,0x0000000740006000,0x000000074ab00000)
 Metaspace       used 16134K, capacity 16314K, committed 16512K, reserved 1064960K
  class space    used 1755K, capacity 1835K, committed 1920K, reserved 1048576K
}
Event: 2.702 GC heap before
{Heap before GC invocations=4 (full 0):
 PSYoungGen      total 76288K, used 73926K [0x0000000795580000, 0x000000079ea80000, 0x00000007c0000000)
  eden space 65536K, 100% used [0x0000000795580000,0x0000000799580000,0x0000000799580000)
  from space 10752K, 78% used [0x0000000799580000,0x0000000799db1ba0,0x000000079a000000)
  to   space 10752K, 0% used [0x000000079e000000,0x000000079e000000,0x000000079ea80000)
 ParOldGen       total 175104K, used 24K [0x0000000740000000, 0x000000074ab00000, 0x0000000795580000)
  object space 175104K, 0% used [0x0000000740000000,0x0000000740006000,0x000000074ab00000)
 Metaspace       used 19922K, capacity 20098K, committed 20352K, reserved 1067008K
  class space    used 2243K, capacity 2329K, committed 2432K, reserved 1048576K
Event: 2.713 GC heap after
Heap after GC invocations=4 (full 0):
 PSYoungGen      total 141824K, used 10198K [0x0000000795580000, 0x000000079ea80000, 0x00000007c0000000)
  eden space 131072K, 0% used [0x0000000795580000,0x0000000795580000,0x000000079d580000)
  from space 10752K, 94% used [0x000000079e000000,0x000000079e9f5a20,0x000000079ea80000)
  to   space 10752K, 0% used [0x000000079d580000,0x000000079d580000,0x000000079e000000)
 ParOldGen       total 175104K, used 96K [0x0000000740000000, 0x000000074ab00000, 0x0000000795580000)
  object space 175104K, 0% used [0x0000000740000000,0x0000000740018010,0x000000074ab00000)
 Metaspace       used 19922K, capacity 20098K, committed 20352K, reserved 1067008K
  class space    used 2243K, capacity 2329K, committed 2432K, reserved 1048576K
}
Event: 3.472 GC heap before
{Heap before GC invocations=5 (full 0):
 PSYoungGen      total 141824K, used 141270K [0x0000000795580000, 0x000000079ea80000, 0x00000007c0000000)
  eden space 131072K, 100% used [0x0000000795580000,0x000000079d580000,0x000000079d580000)
  from space 10752K, 94% used [0x000000079e000000,0x000000079e9f5a20,0x000000079ea80000)
  to   space 10752K, 0% used [0x000000079d580000,0x000000079d580000,0x000000079e000000)
 ParOldGen       total 175104K, used 96K [0x0000000740000000, 0x000000074ab00000, 0x0000000795580000)
  object space 175104K, 0% used [0x0000000740000000,0x0000000740018010,0x000000074ab00000)
 Metaspace       used 20905K, capacity 21164K, committed 21296K, reserved 1069056K
  class space    used 2341K, capacity 2423K, committed 2432K, reserved 1048576K
Event: 3.487 GC heap after
Heap after GC invocations=5 (full 0):
 PSYoungGen      total 141824K, used 10743K [0x0000000795580000, 0x00000007a7280000, 0x00000007c0000000)
  eden space 131072K, 0% used [0x0000000795580000,0x0000000795580000,0x000000079d580000)
  from space 10752K, 99% used [0x000000079d580000,0x000000079dffdcf0,0x000000079e000000)
  to   space 14848K, 0% used [0x00000007a6400000,0x00000007a6400000,0x00000007a7280000)
 ParOldGen       total 175104K, used 2912K [0x0000000740000000, 0x000000074ab00000, 0x0000000795580000)
  object space 175104K, 1% used [0x0000000740000000,0x00000007402d83d8,0x000000074ab00000)
 Metaspace       used 20905K, capacity 21164K, committed 21296K, reserved 1069056K
  class space    used 2341K, capacity 2423K, committed 2432K, reserved 1048576K
}
Event: 3.487 GC heap before
{Heap before GC invocations=6 (full 1):
 PSYoungGen      total 141824K, used 10743K [0x0000000795580000, 0x00000007a7280000, 0x00000007c0000000)
  eden space 131072K, 0% used [0x0000000795580000,0x0000000795580000,0x000000079d580000)
  from space 10752K, 99% used [0x000000079d580000,0x000000079dffdcf0,0x000000079e000000)
  to   space 14848K, 0% used [0x00000007a6400000,0x00000007a6400000,0x00000007a7280000)
 ParOldGen       total 175104K, used 2912K [0x0000000740000000, 0x000000074ab00000, 0x0000000795580000)
  object space 175104K, 1% used [0x0000000740000000,0x00000007402d83d8,0x000000074ab00000)
 Metaspace       used 20905K, capacity 21164K, committed 21296K, reserved 1069056K
  class space    used 2341K, capacity 2423K, committed 2432K, reserved 1048576K
Event: 3.546 GC heap after
Heap after GC invocations=6 (full 1):
 PSYoungGen      total 141824K, used 0K [0x0000000795580000, 0x00000007a7280000, 0x00000007c0000000)
  eden space 131072K, 0% used [0x0000000795580000,0x0000000795580000,0x000000079d580000)
  from space 10752K, 0% used [0x000000079d580000,0x000000079d580000,0x000000079e000000)
  to   space 14848K, 0% used [0x00000007a6400000,0x00000007a6400000,0x00000007a7280000)
 ParOldGen       total 117248K, used 13532K [0x0000000740000000, 0x0000000747280000, 0x0000000795580000)
  object space 117248K, 11% used [0x0000000740000000,0x0000000740d373a0,0x0000000747280000)
 Metaspace       used 20905K, capacity 21164K, committed 21296K, reserved 1069056K
  class space    used 2341K, capacity 2423K, committed 2432K, reserved 1048576K
}
Event: 19.203 GC heap before
{Heap before GC invocations=7 (full 1):
 PSYoungGen      total 141824K, used 131072K [0x0000000795580000, 0x00000007a7280000, 0x00000007c0000000)
  eden space 131072K, 100% used [0x0000000795580000,0x000000079d580000,0x000000079d580000)
  from space 10752K, 0% used [0x000000079d580000,0x000000079d580000,0x000000079e000000)
  to   space 14848K, 0% used [0x00000007a6400000,0x00000007a6400000,0x00000007a7280000)
 ParOldGen       total 117248K, used 13532K [0x0000000740000000, 0x0000000747280000, 0x0000000795580000)
  object space 117248K, 11% used [0x0000000740000000,0x0000000740d373a0,0x0000000747280000)
 Metaspace       used 28746K, capacity 29608K, committed 29952K, reserved 1075200K
  class space    used 3499K, capacity 3741K, committed 3840K, reserved 1048576K
Event: 19.228 GC heap after
Heap after GC invocations=7 (full 1):
 PSYoungGen      total 190464K, used 7397K [0x0000000795580000, 0x00000007a6b80000, 0x00000007c0000000)
  eden space 182784K, 0% used [0x0000000795580000,0x0000000795580000,0x00000007a0800000)
  from space 7680K, 96% used [0x00000007a6400000,0x00000007a6b395c0,0x00000007a6b80000)
  to   space 14336K, 0% used [0x00000007a4f80000,0x00000007a4f80000,0x00000007a5d80000)
 ParOldGen       total 117248K, used 13532K [0x0000000740000000, 0x0000000747280000, 0x0000000795580000)
  object space 117248K, 11% used [0x0000000740000000,0x0000000740d373a0,0x0000000747280000)
 Metaspace       used 28746K, capacity 29608K, committed 29952K, reserved 1075200K
  class space    used 3499K, capacity 3741K, committed 3840K, reserved 1048576K
}

